ℹ️ [10:56:13] root INFO: Calculating the number of steps for the eligibility run.
ℹ️ [10:56:13] root INFO: No cached SQL found. Generating new SQL statements.
ℹ️ [10:56:13] root INFO: Calculation complete: 4 steps.
ℹ️ [10:59:57] root INFO: Calculating the number of steps for the eligibility run.
ℹ️ [10:59:57] root INFO: No cached SQL found. Generating new SQL statements.
ℹ️ [10:59:57] root INFO: Calculation complete: 4 steps.
ℹ️ [11:40:19] root INFO: Calculating the number of steps for the eligibility run.
ℹ️ [11:40:19] root INFO: No cached SQL found. Generating new SQL statements.
ℹ️ [11:40:19] root INFO: Calculation complete: 4 steps.
ℹ️ [11:40:19] root INFO: Calculating the number of waterfall steps.
ℹ️ [11:40:19] root INFO: No cached steps found. Preparing waterfall groups and SQL.
ℹ️ [11:40:19] root INFO: Calculation complete: 3 steps (reports).
ℹ️ [11:40:19] root INFO: Calculating the number of output steps.
ℹ️ [11:40:19] root INFO: No cached steps found. Preparing output jobs and SQL.
ℹ️ [11:40:19] root INFO: Preparing logic for channel 'email'
ℹ️ [11:40:19] root INFO: Preparing logic for channel 'sms'
ℹ️ [11:40:19] root INFO: Preparing logic for channel 'push'
ℹ️ [11:40:19] root INFO: Calculation complete: 3 steps (files).
ℹ️ [11:40:19] root INFO: Using cached SQL statements.
ℹ️ [11:40:19] root INFO: Dropping existing table eligibility_poc
ℹ️ [11:40:19] root INFO: Executing SQL statement
ℹ️ [11:40:20] root INFO: No existing eligibility table to drop
ℹ️ [11:41:31] root INFO: Calculating the number of steps for the eligibility run.
ℹ️ [11:41:31] root INFO: No cached SQL found. Generating new SQL statements.
ℹ️ [11:41:31] root INFO: Calculation complete: 4 steps.
ℹ️ [11:41:31] root INFO: Calculating the number of waterfall steps.
ℹ️ [11:41:31] root INFO: No cached steps found. Preparing waterfall groups and SQL.
ℹ️ [11:41:31] root INFO: Calculation complete: 3 steps (reports).
ℹ️ [11:41:31] root INFO: Calculating the number of output steps.
ℹ️ [11:41:31] root INFO: No cached steps found. Preparing output jobs and SQL.
ℹ️ [11:41:31] root INFO: Preparing logic for channel 'email'
ℹ️ [11:41:31] root INFO: Preparing logic for channel 'sms'
ℹ️ [11:41:31] root INFO: Preparing logic for channel 'push'
ℹ️ [11:41:31] root INFO: Calculation complete: 3 steps (files).
ℹ️ [11:41:31] root INFO: Using cached SQL statements.
ℹ️ [11:41:31] root INFO: Dropping existing table eligibility_poc
ℹ️ [11:41:31] root INFO: Executing SQL statement
ℹ️ [11:41:32] root INFO: No existing eligibility table to drop
ℹ️ [11:41:32] root INFO: Executing eligibility SQL statement
ℹ️ [11:41:32] root INFO: Executing SQL statement
ℹ️ [11:44:32] root INFO: Calculating the number of steps for the eligibility run.
ℹ️ [11:44:32] root INFO: No cached SQL found. Generating new SQL statements.
ℹ️ [11:44:32] root INFO: Calculation complete: 4 steps.
ℹ️ [11:44:32] root INFO: Calculating the number of waterfall steps.
ℹ️ [11:44:32] root INFO: No cached steps found. Preparing waterfall groups and SQL.
ℹ️ [11:44:32] root INFO: Calculation complete: 3 steps (reports).
ℹ️ [11:44:32] root INFO: Calculating the number of output steps.
ℹ️ [11:44:32] root INFO: No cached steps found. Preparing output jobs and SQL.
ℹ️ [11:44:32] root INFO: Preparing logic for channel 'email'
ℹ️ [11:44:32] root INFO: Preparing logic for channel 'sms'
ℹ️ [11:44:32] root INFO: Preparing logic for channel 'push'
ℹ️ [11:44:32] root INFO: Calculation complete: 3 steps (files).
ℹ️ [11:44:32] root INFO: Using cached SQL statements.
ℹ️ [11:44:32] root INFO: Dropping existing table eligibility_poc
ℹ️ [11:44:32] root INFO: Executing SQL statement
ℹ️ [11:44:33] root INFO: No existing eligibility table to drop
ℹ️ [11:44:33] root INFO: Executing eligibility SQL statement
ℹ️ [11:44:33] root INFO: Executing SQL statement
ℹ️ [11:47:34] root INFO: Calculating the number of steps for the eligibility run.
ℹ️ [11:47:34] root INFO: No cached SQL found. Generating new SQL statements.
ℹ️ [11:47:35] root INFO: Calculation complete: 4 steps.
ℹ️ [11:47:35] root INFO: Calculating the number of waterfall steps.
ℹ️ [11:47:35] root INFO: No cached steps found. Preparing waterfall groups and SQL.
ℹ️ [11:47:35] root INFO: Calculation complete: 3 steps (reports).
ℹ️ [11:47:35] root INFO: Calculating the number of output steps.
ℹ️ [11:47:35] root INFO: No cached steps found. Preparing output jobs and SQL.
ℹ️ [11:47:35] root INFO: Preparing logic for channel 'email'
ℹ️ [11:47:35] root INFO: Preparing logic for channel 'sms'
ℹ️ [11:47:35] root INFO: Preparing logic for channel 'push'
ℹ️ [11:47:35] root INFO: Calculation complete: 3 steps (files).
ℹ️ [11:47:35] root INFO: Using cached SQL statements.
ℹ️ [11:47:35] root INFO: Dropping existing table eligibility_poc
ℹ️ [11:47:35] root INFO: Executing SQL statement
ℹ️ [11:47:35] root INFO: No existing eligibility table to drop
ℹ️ [11:47:35] root INFO: Executing eligibility SQL statement
ℹ️ [11:47:35] root INFO: Executing SQL statement
ℹ️ [13:27:19] root INFO: Calculating the number of steps for the eligibility run.
ℹ️ [13:27:19] root INFO: No cached SQL found. Generating new SQL statements.
ℹ️ [13:27:19] root INFO: Calculation complete: 4 steps.
ℹ️ [13:27:19] root INFO: Calculating the number of waterfall steps.
ℹ️ [13:27:19] root INFO: No cached steps found. Preparing waterfall groups and SQL.
ℹ️ [13:27:19] root INFO: Calculation complete: 3 steps (reports).
ℹ️ [13:27:19] root INFO: Calculating the number of output steps.
ℹ️ [13:27:19] root INFO: No cached steps found. Preparing output jobs and SQL.
ℹ️ [13:27:19] root INFO: Preparing logic for channel 'email'
ℹ️ [13:27:19] root INFO: Preparing logic for channel 'sms'
ℹ️ [13:27:19] root INFO: Preparing logic for channel 'push'
ℹ️ [13:27:19] root INFO: Calculation complete: 3 steps (files).
ℹ️ [13:27:19] root INFO: Using cached SQL statements.
ℹ️ [13:27:19] root INFO: Dropping existing table eligibility_poc
ℹ️ [13:27:19] root INFO: Executing SQL statement
ℹ️ [13:27:20] root INFO: No existing eligibility table to drop
ℹ️ [13:27:20] root INFO: Executing eligibility SQL statement
ℹ️ [13:27:20] root INFO: Executing SQL statement
ℹ️ [13:30:32] root INFO: Calculating the number of steps for the eligibility run.
ℹ️ [13:30:32] root INFO: No cached SQL found. Generating new SQL statements.
ℹ️ [13:30:32] root INFO: Calculation complete: 4 steps.
ℹ️ [13:30:32] root INFO: Calculating the number of waterfall steps.
ℹ️ [13:30:32] root INFO: No cached steps found. Preparing waterfall groups and SQL.
ℹ️ [13:30:32] root INFO: Calculation complete: 3 steps (reports).
ℹ️ [13:30:32] root INFO: Calculating the number of output steps.
ℹ️ [13:30:32] root INFO: No cached steps found. Preparing output jobs and SQL.
ℹ️ [13:30:32] root INFO: Preparing logic for channel 'email'
ℹ️ [13:30:32] root INFO: Preparing logic for channel 'sms'
ℹ️ [13:30:32] root INFO: Preparing logic for channel 'push'
ℹ️ [13:30:32] root INFO: Calculation complete: 3 steps (files).
ℹ️ [13:30:32] root INFO: Using cached SQL statements.
ℹ️ [13:30:32] root INFO: Dropping existing table eligibility_poc
ℹ️ [13:30:32] root INFO: Executing SQL statement
ℹ️ [13:30:32] root INFO: No existing eligibility table to drop
ℹ️ [13:30:32] root INFO: Executing eligibility SQL statement
ℹ️ [13:30:32] root INFO: Executing SQL statement
ℹ️ [13:57:58] root INFO: Calculating the number of steps for the eligibility run.
ℹ️ [13:57:58] root INFO: No cached SQL found. Generating new SQL statements.
ℹ️ [13:57:59] root INFO: Calculation complete: 4 steps.
ℹ️ [13:57:59] root INFO: Calculating the number of waterfall steps.
ℹ️ [13:57:59] root INFO: No cached steps found. Preparing waterfall groups and SQL.
ℹ️ [13:57:59] root INFO: Calculation complete: 3 steps (reports).
ℹ️ [13:57:59] root INFO: Calculating the number of output steps.
ℹ️ [13:57:59] root INFO: No cached steps found. Preparing output jobs and SQL.
ℹ️ [13:57:59] root INFO: Preparing logic for channel 'email'
ℹ️ [13:57:59] root INFO: Preparing logic for channel 'sms'
ℹ️ [13:57:59] root INFO: Preparing logic for channel 'push'
ℹ️ [13:57:59] root INFO: Calculation complete: 3 steps (files).
ℹ️ [13:57:59] root INFO: Using cached SQL statements.
ℹ️ [13:57:59] root INFO: Dropping existing table eligibility_poc
ℹ️ [13:57:59] root INFO: Executing SQL statement
ℹ️ [13:57:59] root INFO: No existing eligibility table to drop
ℹ️ [13:57:59] root INFO: Executing eligibility SQL statement
ℹ️ [13:57:59] root INFO: Executing SQL statement
ℹ️ [14:00:28] root INFO: Calculating the number of steps for the eligibility run.
ℹ️ [14:00:28] root INFO: No cached SQL found. Generating new SQL statements.
ℹ️ [14:00:28] root INFO: Calculation complete: 4 steps.
ℹ️ [14:00:28] root INFO: Calculating the number of waterfall steps.
ℹ️ [14:00:28] root INFO: No cached steps found. Preparing waterfall groups and SQL.
ℹ️ [14:00:28] root INFO: Calculation complete: 3 steps (reports).
ℹ️ [14:00:28] root INFO: Calculating the number of output steps.
ℹ️ [14:00:28] root INFO: No cached steps found. Preparing output jobs and SQL.
ℹ️ [14:00:28] root INFO: Preparing logic for channel 'email'
ℹ️ [14:00:28] root INFO: Preparing logic for channel 'sms'
ℹ️ [14:00:28] root INFO: Preparing logic for channel 'push'
ℹ️ [14:00:28] root INFO: Calculation complete: 3 steps (files).
ℹ️ [14:00:28] root INFO: Using cached SQL statements.
ℹ️ [14:00:28] root INFO: Dropping existing table eligibility_poc
ℹ️ [14:00:28] root INFO: Executing SQL statement
ℹ️ [14:00:29] root INFO: No existing eligibility table to drop
ℹ️ [14:00:29] root INFO: Executing eligibility SQL statement
ℹ️ [14:00:29] root INFO: Executing SQL statement
ℹ️ [14:00:56] root INFO: Executing: DROP TABLE segments;
ℹ️ [14:00:56] root INFO: Executing SQL statement
⚠️ [14:00:57] root WARNING: Ignoring error: [Version 20.0.0.32] [Session 1044] [Teradata Database] [Error 3807] Object 'segments' does not exist.
 at gosqldriver/teradatasql.formatError ErrorUtil.go:85
 at gosqldriver/teradatasql.(*teradataConnection).formatDatabaseError ErrorUtil.go:223
 at gosqldriver/teradatasql.(*teradataConnection).makeChainedDatabaseError ErrorUtil.go:239
 at gosqldriver/teradatasql.(*teradataConnection).processErrorParcel TeradataConnection.go:816
 at gosqldriver/teradatasql.(*TeradataRows).processResponseBundle TeradataRows.go:2494
 at gosqldriver/teradatasql.(*TeradataRows).executeSQLRequest TeradataRows.go:970
 at gosqldriver/teradatasql.newTeradataRows TeradataRows.go:791
 at gosqldriver/teradatasql.(*teradataStatement).QueryContext TeradataStatement.go:122
 at gosqldriver/teradatasql.(*teradataConnection).QueryContext TeradataConnection.go:1335
 at database/sql.ctxDriverQuery ctxutil.go:48
 at database/sql.(*DB).queryDC.func1 sql.go:1786
 at database/sql.withLock sql.go:3574
 at database/sql.(*DB).queryDC sql.go:1781
 at database/sql.(*Conn).QueryContext sql.go:2037
 at main.createRows goside.go:1080
 at main.goCreateRows goside.go:959
 at _cgoexp_ff5e33a08e40_goCreateRows _cgo_gotypes.go:417
 at runtime.cgocallbackg1 cgocall.go:446
 at runtime.cgocallbackg cgocall.go:350
 at runtime.cgocallback asm_amd64.s:1084
 at runtime.goexit asm_amd64.s:1700
ℹ️ [14:00:57] root INFO: Executing: DROP TABLE regions;
ℹ️ [14:00:57] root INFO: Executing SQL statement
⚠️ [14:00:57] root WARNING: Ignoring error: [Version 20.0.0.32] [Session 1044] [Teradata Database] [Error 3807] Object 'regions' does not exist.
 at gosqldriver/teradatasql.formatError ErrorUtil.go:85
 at gosqldriver/teradatasql.(*teradataConnection).formatDatabaseError ErrorUtil.go:223
 at gosqldriver/teradatasql.(*teradataConnection).makeChainedDatabaseError ErrorUtil.go:239
 at gosqldriver/teradatasql.(*teradataConnection).processErrorParcel TeradataConnection.go:816
 at gosqldriver/teradatasql.(*TeradataRows).processResponseBundle TeradataRows.go:2494
 at gosqldriver/teradatasql.(*TeradataRows).executeSQLRequest TeradataRows.go:970
 at gosqldriver/teradatasql.newTeradataRows TeradataRows.go:791
 at gosqldriver/teradatasql.(*teradataStatement).QueryContext TeradataStatement.go:122
 at gosqldriver/teradatasql.(*teradataConnection).QueryContext TeradataConnection.go:1335
 at database/sql.ctxDriverQuery ctxutil.go:48
 at database/sql.(*DB).queryDC.func1 sql.go:1786
 at database/sql.withLock sql.go:3574
 at database/sql.(*DB).queryDC sql.go:1781
 at database/sql.(*Conn).QueryContext sql.go:2037
 at main.createRows goside.go:1080
 at main.goCreateRows goside.go:959
 at _cgoexp_ff5e33a08e40_goCreateRows _cgo_gotypes.go:417
 at runtime.cgocallbackg1 cgocall.go:446
 at runtime.cgocallbackg cgocall.go:350
 at runtime.cgocallback asm_amd64.s:1084
 at runtime.goexit asm_amd64.s:1700
ℹ️ [14:00:57] root INFO: Executing: DROP TABLE accounts;
ℹ️ [14:00:57] root INFO: Executing SQL statement
⚠️ [14:00:57] root WARNING: Ignoring error: [Version 20.0.0.32] [Session 1044] [Teradata Database] [Error 3807] Object 'accounts' does not exist.
 at gosqldriver/teradatasql.formatError ErrorUtil.go:85
 at gosqldriver/teradatasql.(*teradataConnection).formatDatabaseError ErrorUtil.go:223
 at gosqldriver/teradatasql.(*teradataConnection).makeChainedDatabaseError ErrorUtil.go:239
 at gosqldriver/teradatasql.(*teradataConnection).processErrorParcel TeradataConnection.go:816
 at gosqldriver/teradatasql.(*TeradataRows).processResponseBundle TeradataRows.go:2494
 at gosqldriver/teradatasql.(*TeradataRows).executeSQLRequest TeradataRows.go:970
 at gosqldriver/teradatasql.newTeradataRows TeradataRows.go:791
 at gosqldriver/teradatasql.(*teradataStatement).QueryContext TeradataStatement.go:122
 at gosqldriver/teradatasql.(*teradataConnection).QueryContext TeradataConnection.go:1335
 at database/sql.ctxDriverQuery ctxutil.go:48
 at database/sql.(*DB).queryDC.func1 sql.go:1786
 at database/sql.withLock sql.go:3574
 at database/sql.(*DB).queryDC sql.go:1781
 at database/sql.(*Conn).QueryContext sql.go:2037
 at main.createRows goside.go:1080
 at main.goCreateRows goside.go:959
 at _cgoexp_ff5e33a08e40_goCreateRows _cgo_gotypes.go:417
 at runtime.cgocallbackg1 cgocall.go:446
 at runtime.cgocallbackg cgocall.go:350
 at runtime.cgocallback asm_amd64.s:1084
 at runtime.goexit asm_amd64.s:1700
ℹ️ [14:00:57] root INFO: Executing: DROP TABLE customers;
ℹ️ [14:00:57] root INFO: Executing SQL statement
⚠️ [14:00:57] root WARNING: Ignoring error: [Version 20.0.0.32] [Session 1044] [Teradata Database] [Error 3807] Object 'customers' does not exist.
 at gosqldriver/teradatasql.formatError ErrorUtil.go:85
 at gosqldriver/teradatasql.(*teradataConnection).formatDatabaseError ErrorUtil.go:223
 at gosqldriver/teradatasql.(*teradataConnection).makeChainedDatabaseError ErrorUtil.go:239
 at gosqldriver/teradatasql.(*teradataConnection).processErrorParcel TeradataConnection.go:816
 at gosqldriver/teradatasql.(*TeradataRows).processResponseBundle TeradataRows.go:2494
 at gosqldriver/teradatasql.(*TeradataRows).executeSQLRequest TeradataRows.go:970
 at gosqldriver/teradatasql.newTeradataRows TeradataRows.go:791
 at gosqldriver/teradatasql.(*teradataStatement).QueryContext TeradataStatement.go:122
 at gosqldriver/teradatasql.(*teradataConnection).QueryContext TeradataConnection.go:1335
 at database/sql.ctxDriverQuery ctxutil.go:48
 at database/sql.(*DB).queryDC.func1 sql.go:1786
 at database/sql.withLock sql.go:3574
 at database/sql.(*DB).queryDC sql.go:1781
 at database/sql.(*Conn).QueryContext sql.go:2037
 at main.createRows goside.go:1080
 at main.goCreateRows goside.go:959
 at _cgoexp_ff5e33a08e40_goCreateRows _cgo_gotypes.go:417
 at runtime.cgocallbackg1 cgocall.go:446
 at runtime.cgocallbackg cgocall.go:350
 at runtime.cgocallback asm_amd64.s:1084
 at runtime.goexit asm_amd64.s:1700
ℹ️ [14:00:57] root INFO: Executing: CREATE TABLE customers (customer_id INTEGER, status VARCHAR(20));
ℹ️ [14:00:57] root INFO: Executing SQL statement
ℹ️ [14:00:57] root INFO: SQL execution finished in 0.18s
ℹ️ [14:00:57] root INFO: Executing: CREATE TABLE accounts (customer_id INTEGER, account_id INTEGER, acct_type VARCHAR(20));
ℹ️ [14:00:57] root INFO: Executing SQL statement
ℹ️ [14:00:58] root INFO: SQL execution finished in 0.18s
ℹ️ [14:00:58] root INFO: Executing: CREATE TABLE regions (customer_id INTEGER, region_id INTEGER, region_type VARCHAR(20));
ℹ️ [14:00:58] root INFO: Executing SQL statement
ℹ️ [14:00:58] root INFO: SQL execution finished in 0.22s
ℹ️ [14:00:58] root INFO: Executing: CREATE TABLE segments (customer_id INTEGER, segment_id INTEGER, segment_flag VARCHAR(20));
ℹ️ [14:00:58] root INFO: Executing SQL statement
ℹ️ [14:00:58] root INFO: SQL execution finished in 0.22s
ℹ️ [14:00:58] root INFO: Executing: INSERT INTO customers (customer_id, status) VALUES (6, 'Inactive');
ℹ️ [14:00:58] root INFO: Executing SQL statement
ℹ️ [14:00:58] root INFO: SQL execution finished in 0.12s
ℹ️ [14:00:58] root INFO: Executing: INSERT INTO customers (customer_id, status) VALUES (7, 'Active');
ℹ️ [14:00:58] root INFO: Executing SQL statement
ℹ️ [14:00:58] root INFO: SQL execution finished in 0.12s
ℹ️ [14:00:58] root INFO: Executing: INSERT INTO customers (customer_id, status) VALUES (8, 'Pending');
ℹ️ [14:00:58] root INFO: Executing SQL statement
ℹ️ [14:00:58] root INFO: SQL execution finished in 0.12s
ℹ️ [14:00:58] root INFO: Executing: INSERT INTO customers (customer_id, status) VALUES (9, 'Inactive');
ℹ️ [14:00:58] root INFO: Executing SQL statement
ℹ️ [14:00:58] root INFO: SQL execution finished in 0.11s
ℹ️ [14:00:58] root INFO: Executing: INSERT INTO customers (customer_id, status) VALUES (10, 'Active');
ℹ️ [14:00:58] root INFO: Executing SQL statement
ℹ️ [14:00:59] root INFO: SQL execution finished in 0.12s
ℹ️ [14:00:59] root INFO: Executing: INSERT INTO customers (customer_id, status) VALUES (11, 'Pending');
ℹ️ [14:00:59] root INFO: Executing SQL statement
ℹ️ [14:01:00] root INFO: SQL execution finished in 1.40s
ℹ️ [14:01:00] root INFO: Executing: INSERT INTO customers (customer_id, status) VALUES (12, 'Inactive');
ℹ️ [14:01:00] root INFO: Executing SQL statement
ℹ️ [14:01:00] root INFO: SQL execution finished in 0.10s
ℹ️ [14:01:00] root INFO: Executing: INSERT INTO customers (customer_id, status) VALUES (13, 'Active');
ℹ️ [14:01:00] root INFO: Executing SQL statement
ℹ️ [14:01:00] root INFO: SQL execution finished in 0.12s
ℹ️ [14:01:00] root INFO: Executing: INSERT INTO customers (customer_id, status) VALUES (14, 'Pending');
ℹ️ [14:01:00] root INFO: Executing SQL statement
ℹ️ [14:01:00] root INFO: SQL execution finished in 0.10s
ℹ️ [14:01:00] root INFO: Executing: INSERT INTO customers (customer_id, status) VALUES (15, 'Inactive');
ℹ️ [14:01:00] root INFO: Executing SQL statement
ℹ️ [14:01:00] root INFO: SQL execution finished in 0.12s
ℹ️ [14:01:00] root INFO: Executing: INSERT INTO customers (customer_id, status) VALUES (16, 'Active');
ℹ️ [14:01:00] root INFO: Executing SQL statement
ℹ️ [14:01:01] root INFO: SQL execution finished in 0.12s
ℹ️ [14:01:01] root INFO: Executing: INSERT INTO customers (customer_id, status) VALUES (17, 'Pending');
ℹ️ [14:01:01] root INFO: Executing SQL statement
ℹ️ [14:01:01] root INFO: SQL execution finished in 0.10s
ℹ️ [14:01:01] root INFO: Executing: INSERT INTO customers (customer_id, status) VALUES (18, 'Inactive');
ℹ️ [14:01:01] root INFO: Executing SQL statement
ℹ️ [14:01:01] root INFO: SQL execution finished in 0.10s
ℹ️ [14:01:01] root INFO: Executing: INSERT INTO customers (customer_id, status) VALUES (19, 'Active');
ℹ️ [14:01:01] root INFO: Executing SQL statement
ℹ️ [14:01:01] root INFO: SQL execution finished in 0.12s
ℹ️ [14:01:01] root INFO: Executing: INSERT INTO customers (customer_id, status) VALUES (20, 'Pending');
ℹ️ [14:01:01] root INFO: Executing SQL statement
ℹ️ [14:01:01] root INFO: SQL execution finished in 0.12s
ℹ️ [14:01:01] root INFO: Executing: INSERT INTO customers (customer_id, status) VALUES (21, 'Inactive');
ℹ️ [14:01:01] root INFO: Executing SQL statement
ℹ️ [14:01:01] root INFO: SQL execution finished in 0.12s
ℹ️ [14:01:01] root INFO: Executing: INSERT INTO customers (customer_id, status) VALUES (22, 'Active');
ℹ️ [14:01:01] root INFO: Executing SQL statement
ℹ️ [14:01:01] root INFO: SQL execution finished in 0.10s
ℹ️ [14:01:01] root INFO: Executing: INSERT INTO customers (customer_id, status) VALUES (23, 'Pending');
ℹ️ [14:01:01] root INFO: Executing SQL statement
ℹ️ [14:01:01] root INFO: SQL execution finished in 0.12s
ℹ️ [14:01:01] root INFO: Executing: INSERT INTO customers (customer_id, status) VALUES (24, 'Inactive');
ℹ️ [14:01:01] root INFO: Executing SQL statement
ℹ️ [14:01:02] root INFO: SQL execution finished in 0.14s
ℹ️ [14:01:02] root INFO: Executing: INSERT INTO customers (customer_id, status) VALUES (25, 'Active');
ℹ️ [14:01:02] root INFO: Executing SQL statement
ℹ️ [14:01:02] root INFO: SQL execution finished in 0.12s
ℹ️ [14:01:02] root INFO: Executing: INSERT INTO customers (customer_id, status) VALUES (26, 'Pending');
ℹ️ [14:01:02] root INFO: Executing SQL statement
ℹ️ [14:01:02] root INFO: SQL execution finished in 0.10s
ℹ️ [14:01:02] root INFO: Executing: INSERT INTO customers (customer_id, status) VALUES (27, 'Inactive');
ℹ️ [14:01:02] root INFO: Executing SQL statement
ℹ️ [14:01:02] root INFO: SQL execution finished in 0.12s
ℹ️ [14:01:02] root INFO: Executing: INSERT INTO customers (customer_id, status) VALUES (28, 'Active');
ℹ️ [14:01:02] root INFO: Executing SQL statement
ℹ️ [14:01:02] root INFO: SQL execution finished in 0.12s
ℹ️ [14:01:02] root INFO: Executing: INSERT INTO customers (customer_id, status) VALUES (29, 'Pending');
ℹ️ [14:01:02] root INFO: Executing SQL statement
ℹ️ [14:01:02] root INFO: SQL execution finished in 0.10s
ℹ️ [14:01:02] root INFO: Executing: INSERT INTO customers (customer_id, status) VALUES (30, 'Inactive');
ℹ️ [14:01:02] root INFO: Executing SQL statement
ℹ️ [14:01:02] root INFO: SQL execution finished in 0.10s
ℹ️ [14:01:02] root INFO: Executing: INSERT INTO customers (customer_id, status) VALUES (31, 'Active');
ℹ️ [14:01:02] root INFO: Executing SQL statement
ℹ️ [14:01:02] root INFO: SQL execution finished in 0.12s
ℹ️ [14:01:02] root INFO: Executing: INSERT INTO customers (customer_id, status) VALUES (32, 'Pending');
ℹ️ [14:01:02] root INFO: Executing SQL statement
ℹ️ [14:01:02] root INFO: SQL execution finished in 0.10s
ℹ️ [14:01:02] root INFO: Executing: INSERT INTO customers (customer_id, status) VALUES (33, 'Inactive');
ℹ️ [14:01:02] root INFO: Executing SQL statement
ℹ️ [14:01:03] root INFO: SQL execution finished in 0.10s
ℹ️ [14:01:03] root INFO: Executing: INSERT INTO customers (customer_id, status) VALUES (34, 'Active');
ℹ️ [14:01:03] root INFO: Executing SQL statement
ℹ️ [14:01:03] root INFO: SQL execution finished in 0.10s
ℹ️ [14:01:03] root INFO: Executing: INSERT INTO customers (customer_id, status) VALUES (35, 'Pending');
ℹ️ [14:01:03] root INFO: Executing SQL statement
ℹ️ [14:01:03] root INFO: SQL execution finished in 0.12s
ℹ️ [14:01:03] root INFO: Executing: INSERT INTO customers (customer_id, status) VALUES (36, 'Inactive');
ℹ️ [14:01:03] root INFO: Executing SQL statement
ℹ️ [14:01:03] root INFO: SQL execution finished in 0.12s
ℹ️ [14:01:03] root INFO: Executing: INSERT INTO customers (customer_id, status) VALUES (37, 'Active');
ℹ️ [14:01:03] root INFO: Executing SQL statement
ℹ️ [14:01:03] root INFO: SQL execution finished in 0.10s
ℹ️ [14:01:03] root INFO: Executing: INSERT INTO customers (customer_id, status) VALUES (38, 'Pending');
ℹ️ [14:01:03] root INFO: Executing SQL statement
ℹ️ [14:01:03] root INFO: SQL execution finished in 0.10s
ℹ️ [14:01:03] root INFO: Executing: INSERT INTO customers (customer_id, status) VALUES (39, 'Inactive');
ℹ️ [14:01:03] root INFO: Executing SQL statement
ℹ️ [14:01:03] root INFO: SQL execution finished in 0.12s
ℹ️ [14:01:03] root INFO: Executing: INSERT INTO customers (customer_id, status) VALUES (40, 'Active');
ℹ️ [14:01:03] root INFO: Executing SQL statement
ℹ️ [14:01:03] root INFO: SQL execution finished in 0.10s
ℹ️ [14:01:03] root INFO: Executing: INSERT INTO customers (customer_id, status) VALUES (41, 'Pending');
ℹ️ [14:01:03] root INFO: Executing SQL statement
ℹ️ [14:01:03] root INFO: SQL execution finished in 0.10s
ℹ️ [14:01:03] root INFO: Executing: INSERT INTO customers (customer_id, status) VALUES (42, 'Inactive');
ℹ️ [14:01:03] root INFO: Executing SQL statement
ℹ️ [14:01:04] root INFO: SQL execution finished in 0.10s
ℹ️ [14:01:04] root INFO: Executing: INSERT INTO customers (customer_id, status) VALUES (43, 'Active');
ℹ️ [14:01:04] root INFO: Executing SQL statement
ℹ️ [14:01:04] root INFO: SQL execution finished in 0.10s
ℹ️ [14:01:04] root INFO: Executing: INSERT INTO customers (customer_id, status) VALUES (44, 'Pending');
ℹ️ [14:01:04] root INFO: Executing SQL statement
ℹ️ [14:01:04] root INFO: SQL execution finished in 0.10s
ℹ️ [14:01:04] root INFO: Executing: INSERT INTO customers (customer_id, status) VALUES (45, 'Inactive');
ℹ️ [14:01:04] root INFO: Executing SQL statement
ℹ️ [14:01:04] root INFO: SQL execution finished in 0.10s
ℹ️ [14:01:04] root INFO: Executing: INSERT INTO customers (customer_id, status) VALUES (46, 'Active');
ℹ️ [14:01:04] root INFO: Executing SQL statement
ℹ️ [14:01:04] root INFO: SQL execution finished in 0.10s
ℹ️ [14:01:04] root INFO: Executing: INSERT INTO customers (customer_id, status) VALUES (47, 'Pending');
ℹ️ [14:01:04] root INFO: Executing SQL statement
ℹ️ [14:01:04] root INFO: SQL execution finished in 0.10s
ℹ️ [14:01:04] root INFO: Executing: INSERT INTO customers (customer_id, status) VALUES (48, 'Inactive');
ℹ️ [14:01:04] root INFO: Executing SQL statement
ℹ️ [14:01:04] root INFO: SQL execution finished in 0.10s
ℹ️ [14:01:04] root INFO: Executing: INSERT INTO customers (customer_id, status) VALUES (49, 'Active');
ℹ️ [14:01:04] root INFO: Executing SQL statement
ℹ️ [14:01:04] root INFO: SQL execution finished in 0.10s
ℹ️ [14:01:04] root INFO: Executing: INSERT INTO customers (customer_id, status) VALUES (50, 'Pending');
ℹ️ [14:01:04] root INFO: Executing SQL statement
ℹ️ [14:01:04] root INFO: SQL execution finished in 0.10s
ℹ️ [14:01:04] root INFO: Executing: INSERT INTO customers (customer_id, status) VALUES (51, 'Inactive');
ℹ️ [14:01:04] root INFO: Executing SQL statement
ℹ️ [14:01:04] root INFO: SQL execution finished in 0.10s
ℹ️ [14:01:04] root INFO: Executing: INSERT INTO customers (customer_id, status) VALUES (52, 'Active');
ℹ️ [14:01:04] root INFO: Executing SQL statement
ℹ️ [14:01:05] root INFO: SQL execution finished in 0.10s
ℹ️ [14:01:05] root INFO: Executing: INSERT INTO customers (customer_id, status) VALUES (53, 'Pending');
ℹ️ [14:01:05] root INFO: Executing SQL statement
ℹ️ [14:01:05] root INFO: SQL execution finished in 0.10s
ℹ️ [14:01:05] root INFO: Executing: INSERT INTO customers (customer_id, status) VALUES (54, 'Inactive');
ℹ️ [14:01:05] root INFO: Executing SQL statement
ℹ️ [14:01:05] root INFO: SQL execution finished in 0.10s
ℹ️ [14:01:05] root INFO: Executing: INSERT INTO customers (customer_id, status) VALUES (55, 'Active');
ℹ️ [14:01:05] root INFO: Executing SQL statement
ℹ️ [14:01:05] root INFO: SQL execution finished in 0.10s
ℹ️ [14:01:05] root INFO: Executing: INSERT INTO accounts (customer_id, account_id, acct_type) VALUES (6, 306, 'Savings');
ℹ️ [14:01:05] root INFO: Executing SQL statement
ℹ️ [14:01:05] root INFO: SQL execution finished in 0.12s
ℹ️ [14:01:05] root INFO: Executing: INSERT INTO accounts (customer_id, account_id, acct_type) VALUES (7, 307, 'Checking');
ℹ️ [14:01:05] root INFO: Executing SQL statement
ℹ️ [14:01:05] root INFO: SQL execution finished in 0.10s
ℹ️ [14:01:05] root INFO: Executing: INSERT INTO accounts (customer_id, account_id, acct_type) VALUES (8, 308, 'Savings');
ℹ️ [14:01:05] root INFO: Executing SQL statement
ℹ️ [14:01:05] root INFO: SQL execution finished in 0.12s
ℹ️ [14:01:05] root INFO: Executing: INSERT INTO accounts (customer_id, account_id, acct_type) VALUES (9, 309, 'Checking');
ℹ️ [14:01:05] root INFO: Executing SQL statement
ℹ️ [14:01:05] root INFO: SQL execution finished in 0.10s
ℹ️ [14:01:05] root INFO: Executing: INSERT INTO accounts (customer_id, account_id, acct_type) VALUES (10, 310, 'Savings');
ℹ️ [14:01:05] root INFO: Executing SQL statement
ℹ️ [14:01:05] root INFO: SQL execution finished in 0.12s
ℹ️ [14:01:05] root INFO: Executing: INSERT INTO accounts (customer_id, account_id, acct_type) VALUES (11, 311, 'Checking');
ℹ️ [14:01:05] root INFO: Executing SQL statement
ℹ️ [14:01:06] root INFO: SQL execution finished in 0.10s
ℹ️ [14:01:06] root INFO: Executing: INSERT INTO accounts (customer_id, account_id, acct_type) VALUES (12, 312, 'Savings');
ℹ️ [14:01:06] root INFO: Executing SQL statement
ℹ️ [14:01:06] root INFO: SQL execution finished in 0.10s
ℹ️ [14:01:06] root INFO: Executing: INSERT INTO accounts (customer_id, account_id, acct_type) VALUES (13, 313, 'Checking');
ℹ️ [14:01:06] root INFO: Executing SQL statement
ℹ️ [14:01:06] root INFO: SQL execution finished in 0.10s
ℹ️ [14:01:06] root INFO: Executing: INSERT INTO accounts (customer_id, account_id, acct_type) VALUES (14, 314, 'Savings');
ℹ️ [14:01:06] root INFO: Executing SQL statement
ℹ️ [14:01:06] root INFO: SQL execution finished in 0.10s
ℹ️ [14:01:06] root INFO: Executing: INSERT INTO accounts (customer_id, account_id, acct_type) VALUES (15, 315, 'Checking');
ℹ️ [14:01:06] root INFO: Executing SQL statement
ℹ️ [14:01:06] root INFO: SQL execution finished in 0.12s
ℹ️ [14:01:06] root INFO: Executing: INSERT INTO accounts (customer_id, account_id, acct_type) VALUES (16, 316, 'Savings');
ℹ️ [14:01:06] root INFO: Executing SQL statement
ℹ️ [14:01:06] root INFO: SQL execution finished in 0.10s
ℹ️ [14:01:06] root INFO: Executing: INSERT INTO accounts (customer_id, account_id, acct_type) VALUES (17, 317, 'Checking');
ℹ️ [14:01:06] root INFO: Executing SQL statement
ℹ️ [14:01:06] root INFO: SQL execution finished in 0.10s
ℹ️ [14:01:06] root INFO: Executing: INSERT INTO accounts (customer_id, account_id, acct_type) VALUES (18, 318, 'Savings');
ℹ️ [14:01:06] root INFO: Executing SQL statement
ℹ️ [14:01:06] root INFO: SQL execution finished in 0.10s
ℹ️ [14:01:06] root INFO: Executing: INSERT INTO accounts (customer_id, account_id, acct_type) VALUES (19, 319, 'Checking');
ℹ️ [14:01:06] root INFO: Executing SQL statement
ℹ️ [14:01:06] root INFO: SQL execution finished in 0.10s
ℹ️ [14:01:06] root INFO: Executing: INSERT INTO accounts (customer_id, account_id, acct_type) VALUES (20, 320, 'Savings');
ℹ️ [14:01:06] root INFO: Executing SQL statement
ℹ️ [14:01:07] root INFO: SQL execution finished in 0.10s
ℹ️ [14:01:07] root INFO: Executing: INSERT INTO accounts (customer_id, account_id, acct_type) VALUES (21, 321, 'Checking');
ℹ️ [14:01:07] root INFO: Executing SQL statement
ℹ️ [14:01:07] root INFO: SQL execution finished in 0.10s
ℹ️ [14:01:07] root INFO: Executing: INSERT INTO accounts (customer_id, account_id, acct_type) VALUES (22, 322, 'Savings');
ℹ️ [14:01:07] root INFO: Executing SQL statement
ℹ️ [14:01:07] root INFO: SQL execution finished in 0.10s
ℹ️ [14:01:07] root INFO: Executing: INSERT INTO accounts (customer_id, account_id, acct_type) VALUES (23, 323, 'Checking');
ℹ️ [14:01:07] root INFO: Executing SQL statement
ℹ️ [14:01:07] root INFO: SQL execution finished in 0.10s
ℹ️ [14:01:07] root INFO: Executing: INSERT INTO accounts (customer_id, account_id, acct_type) VALUES (24, 324, 'Savings');
ℹ️ [14:01:07] root INFO: Executing SQL statement
ℹ️ [14:01:07] root INFO: SQL execution finished in 0.10s
ℹ️ [14:01:07] root INFO: Executing: INSERT INTO accounts (customer_id, account_id, acct_type) VALUES (25, 325, 'Checking');
ℹ️ [14:01:07] root INFO: Executing SQL statement
ℹ️ [14:01:07] root INFO: SQL execution finished in 0.10s
ℹ️ [14:01:07] root INFO: Executing: INSERT INTO accounts (customer_id, account_id, acct_type) VALUES (26, 326, 'Savings');
ℹ️ [14:01:07] root INFO: Executing SQL statement
ℹ️ [14:01:07] root INFO: SQL execution finished in 0.10s
ℹ️ [14:01:07] root INFO: Executing: INSERT INTO accounts (customer_id, account_id, acct_type) VALUES (27, 327, 'Checking');
ℹ️ [14:01:07] root INFO: Executing SQL statement
ℹ️ [14:01:07] root INFO: SQL execution finished in 0.10s
ℹ️ [14:01:07] root INFO: Executing: INSERT INTO accounts (customer_id, account_id, acct_type) VALUES (28, 328, 'Savings');
ℹ️ [14:01:07] root INFO: Executing SQL statement
ℹ️ [14:01:07] root INFO: SQL execution finished in 0.10s
ℹ️ [14:01:07] root INFO: Executing: INSERT INTO accounts (customer_id, account_id, acct_type) VALUES (29, 329, 'Checking');
ℹ️ [14:01:07] root INFO: Executing SQL statement
ℹ️ [14:01:07] root INFO: SQL execution finished in 0.10s
ℹ️ [14:01:07] root INFO: Executing: INSERT INTO accounts (customer_id, account_id, acct_type) VALUES (30, 330, 'Savings');
ℹ️ [14:01:07] root INFO: Executing SQL statement
ℹ️ [14:01:08] root INFO: SQL execution finished in 0.10s
ℹ️ [14:01:08] root INFO: Executing: INSERT INTO accounts (customer_id, account_id, acct_type) VALUES (31, 331, 'Checking');
ℹ️ [14:01:08] root INFO: Executing SQL statement
ℹ️ [14:01:08] root INFO: SQL execution finished in 0.10s
ℹ️ [14:01:08] root INFO: Executing: INSERT INTO accounts (customer_id, account_id, acct_type) VALUES (32, 332, 'Savings');
ℹ️ [14:01:08] root INFO: Executing SQL statement
ℹ️ [14:01:08] root INFO: SQL execution finished in 0.10s
ℹ️ [14:01:08] root INFO: Executing: INSERT INTO accounts (customer_id, account_id, acct_type) VALUES (33, 333, 'Checking');
ℹ️ [14:01:08] root INFO: Executing SQL statement
ℹ️ [14:01:08] root INFO: SQL execution finished in 0.10s
ℹ️ [14:01:08] root INFO: Executing: INSERT INTO accounts (customer_id, account_id, acct_type) VALUES (34, 334, 'Savings');
ℹ️ [14:01:08] root INFO: Executing SQL statement
ℹ️ [14:01:08] root INFO: SQL execution finished in 0.10s
ℹ️ [14:01:08] root INFO: Executing: INSERT INTO accounts (customer_id, account_id, acct_type) VALUES (35, 335, 'Checking');
ℹ️ [14:01:08] root INFO: Executing SQL statement
ℹ️ [14:01:08] root INFO: SQL execution finished in 0.10s
ℹ️ [14:01:08] root INFO: Executing: INSERT INTO accounts (customer_id, account_id, acct_type) VALUES (36, 336, 'Savings');
ℹ️ [14:01:08] root INFO: Executing SQL statement
ℹ️ [14:01:08] root INFO: SQL execution finished in 0.12s
ℹ️ [14:01:08] root INFO: Executing: INSERT INTO accounts (customer_id, account_id, acct_type) VALUES (37, 337, 'Checking');
ℹ️ [14:01:08] root INFO: Executing SQL statement
ℹ️ [14:01:08] root INFO: SQL execution finished in 0.12s
ℹ️ [14:01:08] root INFO: Executing: INSERT INTO accounts (customer_id, account_id, acct_type) VALUES (38, 338, 'Savings');
ℹ️ [14:01:08] root INFO: Executing SQL statement
ℹ️ [14:01:08] root INFO: SQL execution finished in 0.12s
ℹ️ [14:01:08] root INFO: Executing: INSERT INTO accounts (customer_id, account_id, acct_type) VALUES (39, 339, 'Checking');
ℹ️ [14:01:08] root INFO: Executing SQL statement
ℹ️ [14:01:09] root INFO: SQL execution finished in 0.14s
ℹ️ [14:01:09] root INFO: Executing: INSERT INTO accounts (customer_id, account_id, acct_type) VALUES (40, 340, 'Savings');
ℹ️ [14:01:09] root INFO: Executing SQL statement
ℹ️ [14:01:09] root INFO: SQL execution finished in 0.12s
ℹ️ [14:01:09] root INFO: Executing: INSERT INTO accounts (customer_id, account_id, acct_type) VALUES (41, 341, 'Checking');
ℹ️ [14:01:09] root INFO: Executing SQL statement
ℹ️ [14:01:09] root INFO: SQL execution finished in 0.14s
ℹ️ [14:01:09] root INFO: Executing: INSERT INTO accounts (customer_id, account_id, acct_type) VALUES (42, 342, 'Savings');
ℹ️ [14:01:09] root INFO: Executing SQL statement
ℹ️ [14:01:09] root INFO: SQL execution finished in 0.12s
ℹ️ [14:01:09] root INFO: Executing: INSERT INTO accounts (customer_id, account_id, acct_type) VALUES (43, 343, 'Checking');
ℹ️ [14:01:09] root INFO: Executing SQL statement
ℹ️ [14:01:09] root INFO: SQL execution finished in 0.12s
ℹ️ [14:01:09] root INFO: Executing: INSERT INTO accounts (customer_id, account_id, acct_type) VALUES (44, 344, 'Savings');
ℹ️ [14:01:09] root INFO: Executing SQL statement
ℹ️ [14:01:09] root INFO: SQL execution finished in 0.12s
ℹ️ [14:01:09] root INFO: Executing: INSERT INTO accounts (customer_id, account_id, acct_type) VALUES (45, 345, 'Checking');
ℹ️ [14:01:09] root INFO: Executing SQL statement
ℹ️ [14:01:09] root INFO: SQL execution finished in 0.12s
ℹ️ [14:01:09] root INFO: Executing: INSERT INTO accounts (customer_id, account_id, acct_type) VALUES (46, 346, 'Savings');
ℹ️ [14:01:09] root INFO: Executing SQL statement
ℹ️ [14:01:09] root INFO: SQL execution finished in 0.10s
ℹ️ [14:01:09] root INFO: Executing: INSERT INTO accounts (customer_id, account_id, acct_type) VALUES (47, 347, 'Checking');
ℹ️ [14:01:09] root INFO: Executing SQL statement
ℹ️ [14:01:10] root INFO: SQL execution finished in 0.12s
ℹ️ [14:01:10] root INFO: Executing: INSERT INTO accounts (customer_id, account_id, acct_type) VALUES (48, 348, 'Savings');
ℹ️ [14:01:10] root INFO: Executing SQL statement
ℹ️ [14:01:10] root INFO: SQL execution finished in 0.10s
ℹ️ [14:01:10] root INFO: Executing: INSERT INTO accounts (customer_id, account_id, acct_type) VALUES (49, 349, 'Checking');
ℹ️ [14:01:10] root INFO: Executing SQL statement
ℹ️ [14:01:10] root INFO: SQL execution finished in 0.10s
ℹ️ [14:01:10] root INFO: Executing: INSERT INTO accounts (customer_id, account_id, acct_type) VALUES (50, 350, 'Savings');
ℹ️ [14:01:10] root INFO: Executing SQL statement
ℹ️ [14:01:10] root INFO: SQL execution finished in 0.10s
ℹ️ [14:01:10] root INFO: Executing: INSERT INTO accounts (customer_id, account_id, acct_type) VALUES (51, 351, 'Checking');
ℹ️ [14:01:10] root INFO: Executing SQL statement
ℹ️ [14:01:10] root INFO: SQL execution finished in 0.10s
ℹ️ [14:01:10] root INFO: Executing: INSERT INTO accounts (customer_id, account_id, acct_type) VALUES (52, 352, 'Savings');
ℹ️ [14:01:10] root INFO: Executing SQL statement
ℹ️ [14:01:10] root INFO: SQL execution finished in 0.10s
ℹ️ [14:01:10] root INFO: Executing: INSERT INTO accounts (customer_id, account_id, acct_type) VALUES (53, 353, 'Checking');
ℹ️ [14:01:10] root INFO: Executing SQL statement
ℹ️ [14:01:10] root INFO: SQL execution finished in 0.10s
ℹ️ [14:01:10] root INFO: Executing: INSERT INTO accounts (customer_id, account_id, acct_type) VALUES (54, 354, 'Savings');
ℹ️ [14:01:10] root INFO: Executing SQL statement
ℹ️ [14:01:10] root INFO: SQL execution finished in 0.10s
ℹ️ [14:01:10] root INFO: Executing: INSERT INTO accounts (customer_id, account_id, acct_type) VALUES (55, 355, 'Checking');
ℹ️ [14:01:10] root INFO: Executing SQL statement
ℹ️ [14:01:10] root INFO: SQL execution finished in 0.10s
ℹ️ [14:01:10] root INFO: Executing: INSERT INTO regions (customer_id, region_id, region_type) VALUES (6, 60, 'South');
ℹ️ [14:01:10] root INFO: Executing SQL statement
ℹ️ [14:01:11] root INFO: SQL execution finished in 0.14s
ℹ️ [14:01:11] root INFO: Executing: INSERT INTO regions (customer_id, region_id, region_type) VALUES (7, 70, 'East');
ℹ️ [14:01:11] root INFO: Executing SQL statement
ℹ️ [14:01:11] root INFO: SQL execution finished in 0.12s
ℹ️ [14:01:11] root INFO: Executing: INSERT INTO regions (customer_id, region_id, region_type) VALUES (8, 80, 'West');
ℹ️ [14:01:11] root INFO: Executing SQL statement
ℹ️ [14:01:11] root INFO: SQL execution finished in 0.12s
ℹ️ [14:01:11] root INFO: Executing: INSERT INTO regions (customer_id, region_id, region_type) VALUES (9, 90, 'North');
ℹ️ [14:01:11] root INFO: Executing SQL statement
ℹ️ [14:01:11] root INFO: SQL execution finished in 0.10s
ℹ️ [14:01:11] root INFO: Executing: INSERT INTO regions (customer_id, region_id, region_type) VALUES (10, 100, 'South');
ℹ️ [14:01:11] root INFO: Executing SQL statement
ℹ️ [14:01:11] root INFO: SQL execution finished in 0.16s
ℹ️ [14:01:11] root INFO: Executing: INSERT INTO regions (customer_id, region_id, region_type) VALUES (11, 110, 'East');
ℹ️ [14:01:11] root INFO: Executing SQL statement
ℹ️ [14:01:11] root INFO: SQL execution finished in 0.12s
ℹ️ [14:01:11] root INFO: Executing: INSERT INTO regions (customer_id, region_id, region_type) VALUES (12, 120, 'West');
ℹ️ [14:01:11] root INFO: Executing SQL statement
ℹ️ [14:01:11] root INFO: SQL execution finished in 0.10s
ℹ️ [14:01:11] root INFO: Executing: INSERT INTO regions (customer_id, region_id, region_type) VALUES (13, 130, 'North');
ℹ️ [14:01:11] root INFO: Executing SQL statement
ℹ️ [14:01:11] root INFO: SQL execution finished in 0.10s
ℹ️ [14:01:11] root INFO: Executing: INSERT INTO regions (customer_id, region_id, region_type) VALUES (14, 140, 'South');
ℹ️ [14:01:11] root INFO: Executing SQL statement
ℹ️ [14:01:11] root INFO: SQL execution finished in 0.10s
ℹ️ [14:01:11] root INFO: Executing: INSERT INTO regions (customer_id, region_id, region_type) VALUES (15, 150, 'East');
ℹ️ [14:01:11] root INFO: Executing SQL statement
ℹ️ [14:01:12] root INFO: SQL execution finished in 0.12s
ℹ️ [14:01:12] root INFO: Executing: INSERT INTO regions (customer_id, region_id, region_type) VALUES (16, 160, 'West');
ℹ️ [14:01:12] root INFO: Executing SQL statement
ℹ️ [14:01:12] root INFO: SQL execution finished in 0.12s
ℹ️ [14:01:12] root INFO: Executing: INSERT INTO regions (customer_id, region_id, region_type) VALUES (17, 170, 'North');
ℹ️ [14:01:12] root INFO: Executing SQL statement
ℹ️ [14:01:12] root INFO: SQL execution finished in 0.12s
ℹ️ [14:01:12] root INFO: Executing: INSERT INTO regions (customer_id, region_id, region_type) VALUES (18, 180, 'South');
ℹ️ [14:01:12] root INFO: Executing SQL statement
ℹ️ [14:01:12] root INFO: SQL execution finished in 0.12s
ℹ️ [14:01:12] root INFO: Executing: INSERT INTO regions (customer_id, region_id, region_type) VALUES (19, 190, 'East');
ℹ️ [14:01:12] root INFO: Executing SQL statement
ℹ️ [14:01:12] root INFO: SQL execution finished in 0.10s
ℹ️ [14:01:12] root INFO: Executing: INSERT INTO regions (customer_id, region_id, region_type) VALUES (20, 200, 'West');
ℹ️ [14:01:12] root INFO: Executing SQL statement
ℹ️ [14:01:12] root INFO: SQL execution finished in 0.10s
ℹ️ [14:01:12] root INFO: Executing: INSERT INTO regions (customer_id, region_id, region_type) VALUES (21, 210, 'North');
ℹ️ [14:01:12] root INFO: Executing SQL statement
ℹ️ [14:01:12] root INFO: SQL execution finished in 0.10s
ℹ️ [14:01:12] root INFO: Executing: INSERT INTO regions (customer_id, region_id, region_type) VALUES (22, 220, 'South');
ℹ️ [14:01:12] root INFO: Executing SQL statement
ℹ️ [14:01:12] root INFO: SQL execution finished in 0.10s
ℹ️ [14:01:12] root INFO: Executing: INSERT INTO regions (customer_id, region_id, region_type) VALUES (23, 230, 'East');
ℹ️ [14:01:12] root INFO: Executing SQL statement
ℹ️ [14:01:12] root INFO: SQL execution finished in 0.10s
ℹ️ [14:01:12] root INFO: Executing: INSERT INTO regions (customer_id, region_id, region_type) VALUES (24, 240, 'West');
ℹ️ [14:01:12] root INFO: Executing SQL statement
ℹ️ [14:01:13] root INFO: SQL execution finished in 0.10s
ℹ️ [14:01:13] root INFO: Executing: INSERT INTO regions (customer_id, region_id, region_type) VALUES (25, 250, 'North');
ℹ️ [14:01:13] root INFO: Executing SQL statement
ℹ️ [14:01:13] root INFO: SQL execution finished in 0.10s
ℹ️ [14:01:13] root INFO: Executing: INSERT INTO regions (customer_id, region_id, region_type) VALUES (26, 260, 'South');
ℹ️ [14:01:13] root INFO: Executing SQL statement
ℹ️ [14:01:13] root INFO: SQL execution finished in 0.10s
ℹ️ [14:01:13] root INFO: Executing: INSERT INTO regions (customer_id, region_id, region_type) VALUES (27, 270, 'East');
ℹ️ [14:01:13] root INFO: Executing SQL statement
ℹ️ [14:01:13] root INFO: SQL execution finished in 0.12s
ℹ️ [14:01:13] root INFO: Executing: INSERT INTO regions (customer_id, region_id, region_type) VALUES (28, 280, 'West');
ℹ️ [14:01:13] root INFO: Executing SQL statement
ℹ️ [14:01:13] root INFO: SQL execution finished in 0.10s
ℹ️ [14:01:13] root INFO: Executing: INSERT INTO regions (customer_id, region_id, region_type) VALUES (29, 290, 'North');
ℹ️ [14:01:13] root INFO: Executing SQL statement
ℹ️ [14:01:13] root INFO: SQL execution finished in 0.10s
ℹ️ [14:01:13] root INFO: Executing: INSERT INTO regions (customer_id, region_id, region_type) VALUES (30, 300, 'South');
ℹ️ [14:01:13] root INFO: Executing SQL statement
ℹ️ [14:01:13] root INFO: SQL execution finished in 0.10s
ℹ️ [14:01:13] root INFO: Executing: INSERT INTO regions (customer_id, region_id, region_type) VALUES (31, 310, 'East');
ℹ️ [14:01:13] root INFO: Executing SQL statement
ℹ️ [14:01:13] root INFO: SQL execution finished in 0.10s
ℹ️ [14:01:13] root INFO: Executing: INSERT INTO regions (customer_id, region_id, region_type) VALUES (32, 320, 'West');
ℹ️ [14:01:13] root INFO: Executing SQL statement
ℹ️ [14:01:13] root INFO: SQL execution finished in 0.10s
ℹ️ [14:01:13] root INFO: Executing: INSERT INTO regions (customer_id, region_id, region_type) VALUES (33, 330, 'North');
ℹ️ [14:01:13] root INFO: Executing SQL statement
ℹ️ [14:01:14] root INFO: SQL execution finished in 0.12s
ℹ️ [14:01:14] root INFO: Executing: INSERT INTO regions (customer_id, region_id, region_type) VALUES (34, 340, 'South');
ℹ️ [14:01:14] root INFO: Executing SQL statement
ℹ️ [14:01:14] root INFO: SQL execution finished in 0.10s
ℹ️ [14:01:14] root INFO: Executing: INSERT INTO regions (customer_id, region_id, region_type) VALUES (35, 350, 'East');
ℹ️ [14:01:14] root INFO: Executing SQL statement
ℹ️ [14:01:14] root INFO: SQL execution finished in 0.10s
ℹ️ [14:01:14] root INFO: Executing: INSERT INTO regions (customer_id, region_id, region_type) VALUES (36, 360, 'West');
ℹ️ [14:01:14] root INFO: Executing SQL statement
ℹ️ [14:01:14] root INFO: SQL execution finished in 0.12s
ℹ️ [14:01:14] root INFO: Executing: INSERT INTO regions (customer_id, region_id, region_type) VALUES (37, 370, 'North');
ℹ️ [14:01:14] root INFO: Executing SQL statement
ℹ️ [14:01:14] root INFO: SQL execution finished in 0.12s
ℹ️ [14:01:14] root INFO: Executing: INSERT INTO regions (customer_id, region_id, region_type) VALUES (38, 380, 'South');
ℹ️ [14:01:14] root INFO: Executing SQL statement
ℹ️ [14:01:14] root INFO: SQL execution finished in 0.10s
ℹ️ [14:01:14] root INFO: Executing: INSERT INTO regions (customer_id, region_id, region_type) VALUES (39, 390, 'East');
ℹ️ [14:01:14] root INFO: Executing SQL statement
ℹ️ [14:01:14] root INFO: SQL execution finished in 0.10s
ℹ️ [14:01:14] root INFO: Executing: INSERT INTO regions (customer_id, region_id, region_type) VALUES (40, 400, 'West');
ℹ️ [14:01:14] root INFO: Executing SQL statement
ℹ️ [14:01:14] root INFO: SQL execution finished in 0.10s
ℹ️ [14:01:14] root INFO: Executing: INSERT INTO regions (customer_id, region_id, region_type) VALUES (41, 410, 'North');
ℹ️ [14:01:14] root INFO: Executing SQL statement
ℹ️ [14:01:14] root INFO: SQL execution finished in 0.10s
ℹ️ [14:01:14] root INFO: Executing: INSERT INTO regions (customer_id, region_id, region_type) VALUES (42, 420, 'South');
ℹ️ [14:01:14] root INFO: Executing SQL statement
ℹ️ [14:01:15] root INFO: SQL execution finished in 0.10s
ℹ️ [14:01:15] root INFO: Executing: INSERT INTO regions (customer_id, region_id, region_type) VALUES (43, 430, 'East');
ℹ️ [14:01:15] root INFO: Executing SQL statement
ℹ️ [14:01:15] root INFO: SQL execution finished in 0.10s
ℹ️ [14:01:15] root INFO: Executing: INSERT INTO regions (customer_id, region_id, region_type) VALUES (44, 440, 'West');
ℹ️ [14:01:15] root INFO: Executing SQL statement
ℹ️ [14:01:15] root INFO: SQL execution finished in 0.10s
ℹ️ [14:01:15] root INFO: Executing: INSERT INTO regions (customer_id, region_id, region_type) VALUES (45, 450, 'North');
ℹ️ [14:01:15] root INFO: Executing SQL statement
ℹ️ [14:01:15] root INFO: SQL execution finished in 0.10s
ℹ️ [14:01:15] root INFO: Executing: INSERT INTO regions (customer_id, region_id, region_type) VALUES (46, 460, 'South');
ℹ️ [14:01:15] root INFO: Executing SQL statement
ℹ️ [14:01:15] root INFO: SQL execution finished in 0.10s
ℹ️ [14:01:15] root INFO: Executing: INSERT INTO regions (customer_id, region_id, region_type) VALUES (47, 470, 'East');
ℹ️ [14:01:15] root INFO: Executing SQL statement
ℹ️ [14:01:15] root INFO: SQL execution finished in 0.10s
ℹ️ [14:01:15] root INFO: Executing: INSERT INTO regions (customer_id, region_id, region_type) VALUES (48, 480, 'West');
ℹ️ [14:01:15] root INFO: Executing SQL statement
ℹ️ [14:01:15] root INFO: SQL execution finished in 0.10s
ℹ️ [14:01:15] root INFO: Executing: INSERT INTO regions (customer_id, region_id, region_type) VALUES (49, 490, 'North');
ℹ️ [14:01:15] root INFO: Executing SQL statement
ℹ️ [14:01:15] root INFO: SQL execution finished in 0.10s
ℹ️ [14:01:15] root INFO: Executing: INSERT INTO regions (customer_id, region_id, region_type) VALUES (50, 500, 'South');
ℹ️ [14:01:15] root INFO: Executing SQL statement
ℹ️ [14:01:15] root INFO: SQL execution finished in 0.10s
ℹ️ [14:01:15] root INFO: Executing: INSERT INTO regions (customer_id, region_id, region_type) VALUES (51, 510, 'East');
ℹ️ [14:01:15] root INFO: Executing SQL statement
ℹ️ [14:01:15] root INFO: SQL execution finished in 0.12s
ℹ️ [14:01:15] root INFO: Executing: INSERT INTO regions (customer_id, region_id, region_type) VALUES (52, 520, 'West');
ℹ️ [14:01:15] root INFO: Executing SQL statement
ℹ️ [14:01:16] root INFO: SQL execution finished in 0.12s
ℹ️ [14:01:16] root INFO: Executing: INSERT INTO regions (customer_id, region_id, region_type) VALUES (53, 530, 'North');
ℹ️ [14:01:16] root INFO: Executing SQL statement
ℹ️ [14:01:16] root INFO: SQL execution finished in 0.10s
ℹ️ [14:01:16] root INFO: Executing: INSERT INTO regions (customer_id, region_id, region_type) VALUES (54, 540, 'South');
ℹ️ [14:01:16] root INFO: Executing SQL statement
ℹ️ [14:01:16] root INFO: SQL execution finished in 0.12s
ℹ️ [14:01:16] root INFO: Executing: INSERT INTO regions (customer_id, region_id, region_type) VALUES (55, 550, 'East');
ℹ️ [14:01:16] root INFO: Executing SQL statement
ℹ️ [14:01:16] root INFO: SQL execution finished in 0.10s
ℹ️ [14:01:16] root INFO: Executing: INSERT INTO segments (customer_id, segment_id, segment_flag) VALUES (6, 6001, 'Promo1');
ℹ️ [14:01:16] root INFO: Executing SQL statement
ℹ️ [14:01:16] root INFO: SQL execution finished in 0.12s
ℹ️ [14:01:16] root INFO: Executing: INSERT INTO segments (customer_id, segment_id, segment_flag) VALUES (7, 6002, 'Promo2');
ℹ️ [14:01:16] root INFO: Executing SQL statement
ℹ️ [14:01:16] root INFO: SQL execution finished in 0.10s
ℹ️ [14:01:16] root INFO: Executing: INSERT INTO segments (customer_id, segment_id, segment_flag) VALUES (8, 6003, 'HighTx');
ℹ️ [14:01:16] root INFO: Executing SQL statement
ℹ️ [14:01:16] root INFO: SQL execution finished in 0.14s
ℹ️ [14:01:16] root INFO: Executing: INSERT INTO segments (customer_id, segment_id, segment_flag) VALUES (9, 6004, 'LowTx');
ℹ️ [14:01:16] root INFO: Executing SQL statement
ℹ️ [14:01:16] root INFO: SQL execution finished in 0.12s
ℹ️ [14:01:16] root INFO: Executing: INSERT INTO segments (customer_id, segment_id, segment_flag) VALUES (10, 6005, 'PromoA');
ℹ️ [14:01:16] root INFO: Executing SQL statement
ℹ️ [14:01:17] root INFO: SQL execution finished in 0.10s
ℹ️ [14:01:17] root INFO: Executing: INSERT INTO segments (customer_id, segment_id, segment_flag) VALUES (11, 6006, 'PromoB');
ℹ️ [14:01:17] root INFO: Executing SQL statement
ℹ️ [14:01:17] root INFO: SQL execution finished in 0.10s
ℹ️ [14:01:17] root INFO: Executing: INSERT INTO segments (customer_id, segment_id, segment_flag) VALUES (12, 6007, 'FlagA');
ℹ️ [14:01:17] root INFO: Executing SQL statement
ℹ️ [14:01:17] root INFO: SQL execution finished in 0.14s
ℹ️ [14:01:17] root INFO: Executing: INSERT INTO segments (customer_id, segment_id, segment_flag) VALUES (13, 6008, 'FlagB');
ℹ️ [14:01:17] root INFO: Executing SQL statement
ℹ️ [14:01:17] root INFO: SQL execution finished in 0.10s
ℹ️ [14:01:17] root INFO: Executing: INSERT INTO segments (customer_id, segment_id, segment_flag) VALUES (14, 6009, 'Promo1');
ℹ️ [14:01:17] root INFO: Executing SQL statement
ℹ️ [14:01:17] root INFO: SQL execution finished in 0.10s
ℹ️ [14:01:17] root INFO: Executing: INSERT INTO segments (customer_id, segment_id, segment_flag) VALUES (15, 6010, 'Promo2');
ℹ️ [14:01:17] root INFO: Executing SQL statement
ℹ️ [14:01:17] root INFO: SQL execution finished in 0.10s
ℹ️ [14:01:17] root INFO: Executing: INSERT INTO segments (customer_id, segment_id, segment_flag) VALUES (16, 6011, 'HighTx');
ℹ️ [14:01:17] root INFO: Executing SQL statement
ℹ️ [14:01:17] root INFO: SQL execution finished in 0.10s
ℹ️ [14:01:17] root INFO: Executing: INSERT INTO segments (customer_id, segment_id, segment_flag) VALUES (17, 6012, 'LowTx');
ℹ️ [14:01:17] root INFO: Executing SQL statement
ℹ️ [14:01:17] root INFO: SQL execution finished in 0.10s
ℹ️ [14:01:17] root INFO: Executing: INSERT INTO segments (customer_id, segment_id, segment_flag) VALUES (18, 6013, 'PromoA');
ℹ️ [14:01:17] root INFO: Executing SQL statement
ℹ️ [14:01:17] root INFO: SQL execution finished in 0.10s
ℹ️ [14:01:17] root INFO: Executing: INSERT INTO segments (customer_id, segment_id, segment_flag) VALUES (19, 6014, 'PromoB');
ℹ️ [14:01:17] root INFO: Executing SQL statement
ℹ️ [14:01:17] root INFO: SQL execution finished in 0.10s
ℹ️ [14:01:17] root INFO: Executing: INSERT INTO segments (customer_id, segment_id, segment_flag) VALUES (20, 6015, 'FlagA');
ℹ️ [14:01:17] root INFO: Executing SQL statement
ℹ️ [14:01:18] root INFO: SQL execution finished in 0.10s
ℹ️ [14:01:18] root INFO: Executing: INSERT INTO segments (customer_id, segment_id, segment_flag) VALUES (21, 6016, 'FlagB');
ℹ️ [14:01:18] root INFO: Executing SQL statement
ℹ️ [14:01:18] root INFO: SQL execution finished in 0.12s
ℹ️ [14:01:18] root INFO: Executing: INSERT INTO segments (customer_id, segment_id, segment_flag) VALUES (22, 6017, 'Promo1');
ℹ️ [14:01:18] root INFO: Executing SQL statement
ℹ️ [14:01:18] root INFO: SQL execution finished in 0.10s
ℹ️ [14:01:18] root INFO: Executing: INSERT INTO segments (customer_id, segment_id, segment_flag) VALUES (23, 6018, 'Promo2');
ℹ️ [14:01:18] root INFO: Executing SQL statement
ℹ️ [14:01:18] root INFO: SQL execution finished in 0.10s
ℹ️ [14:01:18] root INFO: Executing: INSERT INTO segments (customer_id, segment_id, segment_flag) VALUES (24, 6019, 'HighTx');
ℹ️ [14:01:18] root INFO: Executing SQL statement
ℹ️ [14:01:18] root INFO: SQL execution finished in 0.10s
ℹ️ [14:01:18] root INFO: Executing: INSERT INTO segments (customer_id, segment_id, segment_flag) VALUES (25, 6020, 'LowTx');
ℹ️ [14:01:18] root INFO: Executing SQL statement
ℹ️ [14:01:18] root INFO: SQL execution finished in 0.10s
ℹ️ [14:01:18] root INFO: Executing: INSERT INTO segments (customer_id, segment_id, segment_flag) VALUES (26, 6021, 'PromoA');
ℹ️ [14:01:18] root INFO: Executing SQL statement
ℹ️ [14:01:18] root INFO: SQL execution finished in 0.10s
ℹ️ [14:01:18] root INFO: Executing: INSERT INTO segments (customer_id, segment_id, segment_flag) VALUES (27, 6022, 'PromoB');
ℹ️ [14:01:18] root INFO: Executing SQL statement
ℹ️ [14:01:18] root INFO: SQL execution finished in 0.10s
ℹ️ [14:01:18] root INFO: Executing: INSERT INTO segments (customer_id, segment_id, segment_flag) VALUES (28, 6023, 'FlagA');
ℹ️ [14:01:18] root INFO: Executing SQL statement
ℹ️ [14:01:18] root INFO: SQL execution finished in 0.10s
ℹ️ [14:01:18] root INFO: Executing: INSERT INTO segments (customer_id, segment_id, segment_flag) VALUES (29, 6024, 'FlagB');
ℹ️ [14:01:18] root INFO: Executing SQL statement
ℹ️ [14:01:19] root INFO: SQL execution finished in 0.10s
ℹ️ [14:01:19] root INFO: Executing: INSERT INTO segments (customer_id, segment_id, segment_flag) VALUES (30, 6025, 'Promo1');
ℹ️ [14:01:19] root INFO: Executing SQL statement
ℹ️ [14:01:19] root INFO: SQL execution finished in 0.10s
ℹ️ [14:01:19] root INFO: Executing: INSERT INTO segments (customer_id, segment_id, segment_flag) VALUES (31, 6026, 'Promo2');
ℹ️ [14:01:19] root INFO: Executing SQL statement
ℹ️ [14:01:19] root INFO: SQL execution finished in 0.10s
ℹ️ [14:01:19] root INFO: Executing: INSERT INTO segments (customer_id, segment_id, segment_flag) VALUES (32, 6027, 'HighTx');
ℹ️ [14:01:19] root INFO: Executing SQL statement
ℹ️ [14:01:19] root INFO: SQL execution finished in 0.10s
ℹ️ [14:01:19] root INFO: Executing: INSERT INTO segments (customer_id, segment_id, segment_flag) VALUES (33, 6028, 'LowTx');
ℹ️ [14:01:19] root INFO: Executing SQL statement
ℹ️ [14:01:19] root INFO: SQL execution finished in 0.10s
ℹ️ [14:01:19] root INFO: Executing: INSERT INTO segments (customer_id, segment_id, segment_flag) VALUES (34, 6029, 'PromoA');
ℹ️ [14:01:19] root INFO: Executing SQL statement
ℹ️ [14:01:19] root INFO: SQL execution finished in 0.10s
ℹ️ [14:01:19] root INFO: Executing: INSERT INTO segments (customer_id, segment_id, segment_flag) VALUES (35, 6030, 'PromoB');
ℹ️ [14:01:19] root INFO: Executing SQL statement
ℹ️ [14:01:19] root INFO: SQL execution finished in 0.12s
ℹ️ [14:01:19] root INFO: Executing: INSERT INTO segments (customer_id, segment_id, segment_flag) VALUES (36, 6031, 'FlagA');
ℹ️ [14:01:19] root INFO: Executing SQL statement
ℹ️ [14:01:19] root INFO: SQL execution finished in 0.12s
ℹ️ [14:01:19] root INFO: Executing: INSERT INTO segments (customer_id, segment_id, segment_flag) VALUES (37, 6032, 'FlagB');
ℹ️ [14:01:19] root INFO: Executing SQL statement
ℹ️ [14:01:19] root INFO: SQL execution finished in 0.10s
ℹ️ [14:01:19] root INFO: Executing: INSERT INTO segments (customer_id, segment_id, segment_flag) VALUES (38, 6033, 'Promo1');
ℹ️ [14:01:19] root INFO: Executing SQL statement
ℹ️ [14:01:20] root INFO: SQL execution finished in 0.10s
ℹ️ [14:01:20] root INFO: Executing: INSERT INTO segments (customer_id, segment_id, segment_flag) VALUES (39, 6034, 'Promo2');
ℹ️ [14:01:20] root INFO: Executing SQL statement
ℹ️ [14:01:20] root INFO: SQL execution finished in 0.18s
ℹ️ [14:01:20] root INFO: Executing: INSERT INTO segments (customer_id, segment_id, segment_flag) VALUES (40, 6035, 'HighTx');
ℹ️ [14:01:20] root INFO: Executing SQL statement
ℹ️ [14:01:20] root INFO: SQL execution finished in 0.14s
ℹ️ [14:01:20] root INFO: Executing: INSERT INTO segments (customer_id, segment_id, segment_flag) VALUES (41, 6036, 'LowTx');
ℹ️ [14:01:20] root INFO: Executing SQL statement
ℹ️ [14:01:20] root INFO: SQL execution finished in 0.10s
ℹ️ [14:01:20] root INFO: Executing: INSERT INTO segments (customer_id, segment_id, segment_flag) VALUES (42, 6037, 'PromoA');
ℹ️ [14:01:20] root INFO: Executing SQL statement
ℹ️ [14:01:20] root INFO: SQL execution finished in 0.12s
ℹ️ [14:01:20] root INFO: Executing: INSERT INTO segments (customer_id, segment_id, segment_flag) VALUES (43, 6038, 'PromoB');
ℹ️ [14:01:20] root INFO: Executing SQL statement
ℹ️ [14:01:20] root INFO: SQL execution finished in 0.10s
ℹ️ [14:01:20] root INFO: Executing: INSERT INTO segments (customer_id, segment_id, segment_flag) VALUES (44, 6039, 'FlagA');
ℹ️ [14:01:20] root INFO: Executing SQL statement
ℹ️ [14:01:20] root INFO: SQL execution finished in 0.12s
ℹ️ [14:01:20] root INFO: Executing: INSERT INTO segments (customer_id, segment_id, segment_flag) VALUES (45, 6040, 'FlagB');
ℹ️ [14:01:20] root INFO: Executing SQL statement
ℹ️ [14:01:20] root INFO: SQL execution finished in 0.12s
ℹ️ [14:01:20] root INFO: Executing: INSERT INTO segments (customer_id, segment_id, segment_flag) VALUES (46, 6041, 'Promo1');
ℹ️ [14:01:20] root INFO: Executing SQL statement
ℹ️ [14:01:21] root INFO: SQL execution finished in 0.12s
ℹ️ [14:01:21] root INFO: Executing: INSERT INTO segments (customer_id, segment_id, segment_flag) VALUES (47, 6042, 'Promo2');
ℹ️ [14:01:21] root INFO: Executing SQL statement
ℹ️ [14:01:21] root INFO: SQL execution finished in 0.10s
ℹ️ [14:01:21] root INFO: Executing: INSERT INTO segments (customer_id, segment_id, segment_flag) VALUES (48, 6043, 'HighTx');
ℹ️ [14:01:21] root INFO: Executing SQL statement
ℹ️ [14:01:21] root INFO: SQL execution finished in 0.12s
ℹ️ [14:01:21] root INFO: Executing: INSERT INTO segments (customer_id, segment_id, segment_flag) VALUES (49, 6044, 'LowTx');
ℹ️ [14:01:21] root INFO: Executing SQL statement
ℹ️ [14:01:21] root INFO: SQL execution finished in 0.10s
ℹ️ [14:01:21] root INFO: Executing: INSERT INTO segments (customer_id, segment_id, segment_flag) VALUES (50, 6045, 'PromoA');
ℹ️ [14:01:21] root INFO: Executing SQL statement
ℹ️ [14:01:21] root INFO: SQL execution finished in 0.10s
ℹ️ [14:01:21] root INFO: Executing: INSERT INTO segments (customer_id, segment_id, segment_flag) VALUES (51, 6046, 'PromoB');
ℹ️ [14:01:21] root INFO: Executing SQL statement
ℹ️ [14:01:21] root INFO: SQL execution finished in 0.12s
ℹ️ [14:01:21] root INFO: Executing: INSERT INTO segments (customer_id, segment_id, segment_flag) VALUES (52, 6047, 'FlagA');
ℹ️ [14:01:21] root INFO: Executing SQL statement
ℹ️ [14:01:21] root INFO: SQL execution finished in 0.10s
ℹ️ [14:01:21] root INFO: Executing: INSERT INTO segments (customer_id, segment_id, segment_flag) VALUES (53, 6048, 'FlagB');
ℹ️ [14:01:21] root INFO: Executing SQL statement
ℹ️ [14:01:21] root INFO: SQL execution finished in 0.10s
ℹ️ [14:01:21] root INFO: Executing: INSERT INTO segments (customer_id, segment_id, segment_flag) VALUES (54, 6049, 'Promo1');
ℹ️ [14:01:21] root INFO: Executing SQL statement
ℹ️ [14:01:21] root INFO: SQL execution finished in 0.12s
ℹ️ [14:01:21] root INFO: Executing: INSERT INTO segments (customer_id, segment_id, segment_flag) VALUES (55, 6050, 'Promo2');
ℹ️ [14:01:21] root INFO: Executing SQL statement
ℹ️ [14:01:22] root INFO: SQL execution finished in 0.10s
ℹ️ [14:01:22] root INFO: Cleaning up DB connection
ℹ️ [14:01:22] root INFO: Test POC tables have been prepared.
ℹ️ [14:01:58] root INFO: Calculating the number of steps for the eligibility run.
ℹ️ [14:01:58] root INFO: No cached SQL found. Generating new SQL statements.
ℹ️ [14:01:58] root INFO: Calculation complete: 4 steps.
ℹ️ [14:01:58] root INFO: Calculating the number of waterfall steps.
ℹ️ [14:01:58] root INFO: No cached steps found. Preparing waterfall groups and SQL.
ℹ️ [14:01:58] root INFO: Calculation complete: 3 steps (reports).
ℹ️ [14:01:58] root INFO: Calculating the number of output steps.
ℹ️ [14:01:58] root INFO: No cached steps found. Preparing output jobs and SQL.
ℹ️ [14:01:58] root INFO: Preparing logic for channel 'email'
ℹ️ [14:01:58] root INFO: Preparing logic for channel 'sms'
ℹ️ [14:01:58] root INFO: Preparing logic for channel 'push'
ℹ️ [14:01:58] root INFO: Calculation complete: 3 steps (files).
ℹ️ [14:01:58] root INFO: Using cached SQL statements.
ℹ️ [14:01:58] root INFO: Dropping existing table eligibility_poc
ℹ️ [14:01:58] root INFO: Executing SQL statement
ℹ️ [14:01:59] root INFO: No existing eligibility table to drop
ℹ️ [14:01:59] root INFO: Executing eligibility SQL statement
ℹ️ [14:01:59] root INFO: Executing SQL statement
ℹ️ [14:01:59] root INFO: SQL execution finished in 0.35s
ℹ️ [14:01:59] root INFO: Executing eligibility SQL statement
ℹ️ [14:01:59] root INFO: Executing SQL statement
ℹ️ [14:02:58] root INFO: Calculating the number of steps for the eligibility run.
ℹ️ [14:02:58] root INFO: No cached SQL found. Generating new SQL statements.
ℹ️ [14:02:58] root INFO: Calculation complete: 4 steps.
ℹ️ [14:02:58] root INFO: Calculating the number of waterfall steps.
ℹ️ [14:02:58] root INFO: No cached steps found. Preparing waterfall groups and SQL.
ℹ️ [14:02:58] root INFO: Calculation complete: 3 steps (reports).
ℹ️ [14:02:58] root INFO: Calculating the number of output steps.
ℹ️ [14:02:58] root INFO: No cached steps found. Preparing output jobs and SQL.
ℹ️ [14:02:58] root INFO: Preparing logic for channel 'email'
ℹ️ [14:02:58] root INFO: Preparing logic for channel 'sms'
ℹ️ [14:02:58] root INFO: Preparing logic for channel 'push'
ℹ️ [14:02:58] root INFO: Calculation complete: 3 steps (files).
ℹ️ [14:02:58] root INFO: Using cached SQL statements.
ℹ️ [14:02:58] root INFO: Dropping existing table eligibility_poc
ℹ️ [14:02:58] root INFO: Executing SQL statement
ℹ️ [14:02:59] root INFO: SQL execution finished in 1.23s
ℹ️ [14:02:59] root INFO: Executing eligibility SQL statement
ℹ️ [14:02:59] root INFO: Executing SQL statement
ℹ️ [14:02:59] root INFO: SQL execution finished in 0.34s
ℹ️ [14:02:59] root INFO: Executing eligibility SQL statement
ℹ️ [14:02:59] root INFO: Executing SQL statement
ℹ️ [14:03:00] root INFO: SQL execution finished in 0.19s
ℹ️ [14:03:00] root INFO: Executing eligibility SQL statement
ℹ️ [14:03:00] root INFO: Executing SQL statement
ℹ️ [14:03:00] root INFO: SQL execution finished in 0.20s
ℹ️ [14:03:00] root INFO: Using cached waterfall steps.
ℹ️ [14:03:00] root INFO: Processing waterfall grouping 'customer_id'
ℹ️ [14:03:00] root INFO: Fetching data to DataFrame
ℹ️ [14:03:00] root INFO: Fetched DataFrame with 0 rows and 0 columns in 0.50s
❌ [14:03:00] root ERROR: Waterfall grouping 'customer_id' failed: 'stat_name'
Traceback (most recent call last):
  File "/home/taco/projects/recodeWaterfall/venv/lib/python3.10/site-packages/pandas/core/indexes/base.py", line 3812, in get_loc
    return self._engine.get_loc(casted_key)
  File "pandas/_libs/index.pyx", line 167, in pandas._libs.index.IndexEngine.get_loc
  File "pandas/_libs/index.pyx", line 196, in pandas._libs.index.IndexEngine.get_loc
  File "pandas/_libs/hashtable_class_helper.pxi", line 7088, in pandas._libs.hashtable.PyObjectHashTable.get_item
  File "pandas/_libs/hashtable_class_helper.pxi", line 7096, in pandas._libs.hashtable.PyObjectHashTable.get_item
KeyError: 'stat_name'

The above exception was the direct cause of the following exception:

Traceback (most recent call last):
  File "/home/taco/projects/recodeWaterfall/tlptaco/engines/waterfall.py", line 127, in run
    df_pivoted = self._pivot_waterfall_df(df_raw, job['section_name'])
  File "/home/taco/projects/recodeWaterfall/tlptaco/engines/waterfall.py", line 96, in _pivot_waterfall_df
    metric_df = df[df['stat_name'] != 'Records Claimed']
  File "/home/taco/projects/recodeWaterfall/venv/lib/python3.10/site-packages/pandas/core/frame.py", line 4107, in __getitem__
    indexer = self.columns.get_loc(key)
  File "/home/taco/projects/recodeWaterfall/venv/lib/python3.10/site-packages/pandas/core/indexes/base.py", line 3819, in get_loc
    raise KeyError(key) from err
KeyError: 'stat_name'
ℹ️ [14:03:00] root INFO: Processing waterfall grouping 'customer_id_account_id'
ℹ️ [14:03:00] root INFO: Fetching data to DataFrame
ℹ️ [14:03:00] root INFO: Fetched DataFrame with 0 rows and 0 columns in 0.12s
❌ [14:03:00] root ERROR: Waterfall grouping 'customer_id_account_id' failed: 'stat_name'
Traceback (most recent call last):
  File "/home/taco/projects/recodeWaterfall/venv/lib/python3.10/site-packages/pandas/core/indexes/base.py", line 3812, in get_loc
    return self._engine.get_loc(casted_key)
  File "pandas/_libs/index.pyx", line 167, in pandas._libs.index.IndexEngine.get_loc
  File "pandas/_libs/index.pyx", line 196, in pandas._libs.index.IndexEngine.get_loc
  File "pandas/_libs/hashtable_class_helper.pxi", line 7088, in pandas._libs.hashtable.PyObjectHashTable.get_item
  File "pandas/_libs/hashtable_class_helper.pxi", line 7096, in pandas._libs.hashtable.PyObjectHashTable.get_item
KeyError: 'stat_name'

The above exception was the direct cause of the following exception:

Traceback (most recent call last):
  File "/home/taco/projects/recodeWaterfall/tlptaco/engines/waterfall.py", line 127, in run
    df_pivoted = self._pivot_waterfall_df(df_raw, job['section_name'])
  File "/home/taco/projects/recodeWaterfall/tlptaco/engines/waterfall.py", line 96, in _pivot_waterfall_df
    metric_df = df[df['stat_name'] != 'Records Claimed']
  File "/home/taco/projects/recodeWaterfall/venv/lib/python3.10/site-packages/pandas/core/frame.py", line 4107, in __getitem__
    indexer = self.columns.get_loc(key)
  File "/home/taco/projects/recodeWaterfall/venv/lib/python3.10/site-packages/pandas/core/indexes/base.py", line 3819, in get_loc
    raise KeyError(key) from err
KeyError: 'stat_name'
ℹ️ [14:03:01] root INFO: Processing waterfall grouping 'region_id_segment_id'
ℹ️ [14:03:01] root INFO: Fetching data to DataFrame
ℹ️ [14:03:01] root INFO: Fetched DataFrame with 0 rows and 0 columns in 0.11s
❌ [14:03:01] root ERROR: Waterfall grouping 'region_id_segment_id' failed: 'stat_name'
Traceback (most recent call last):
  File "/home/taco/projects/recodeWaterfall/venv/lib/python3.10/site-packages/pandas/core/indexes/base.py", line 3812, in get_loc
    return self._engine.get_loc(casted_key)
  File "pandas/_libs/index.pyx", line 167, in pandas._libs.index.IndexEngine.get_loc
  File "pandas/_libs/index.pyx", line 196, in pandas._libs.index.IndexEngine.get_loc
  File "pandas/_libs/hashtable_class_helper.pxi", line 7088, in pandas._libs.hashtable.PyObjectHashTable.get_item
  File "pandas/_libs/hashtable_class_helper.pxi", line 7096, in pandas._libs.hashtable.PyObjectHashTable.get_item
KeyError: 'stat_name'

The above exception was the direct cause of the following exception:

Traceback (most recent call last):
  File "/home/taco/projects/recodeWaterfall/tlptaco/engines/waterfall.py", line 127, in run
    df_pivoted = self._pivot_waterfall_df(df_raw, job['section_name'])
  File "/home/taco/projects/recodeWaterfall/tlptaco/engines/waterfall.py", line 96, in _pivot_waterfall_df
    metric_df = df[df['stat_name'] != 'Records Claimed']
  File "/home/taco/projects/recodeWaterfall/venv/lib/python3.10/site-packages/pandas/core/frame.py", line 4107, in __getitem__
    indexer = self.columns.get_loc(key)
  File "/home/taco/projects/recodeWaterfall/venv/lib/python3.10/site-packages/pandas/core/indexes/base.py", line 3819, in get_loc
    raise KeyError(key) from err
KeyError: 'stat_name'
ℹ️ [14:03:01] root INFO: Using cached output steps.
ℹ️ [14:03:01] root INFO: Running output job for channel email
ℹ️ [14:03:01] root INFO: Fetching data to DataFrame
